<?xml version="1.0" encoding="UTF-8"?>
<!-- Generated by org.testng.reporters.JUnitXMLReporter -->
<testsuite hostname="Ashok" ignored="0" name="Test" tests="1" failures="1" timestamp="03 Dec 2017 08:01:12 GMT" time="16.148" errors="0">
  <testcase name="testLogin" time="5.798" classname="scripts.TestLogin">
    <failure type="java.lang.AssertionError" message="The following asserts failed:
	expected [act_TIME] but found [actiTIME - Enter Time-Track]">
      <![CDATA[java.lang.AssertionError: The following asserts failed:
	expected [act_TIME] but found [actiTIME - Enter Time-Track]
	at scripts.TestLogin.testLogin(TestLogin.java:27)
... Removed 26 stack frames]]>
    </failure>
  </testcase> <!-- testLogin -->
</testsuite> <!-- Test -->
